

Processing ApplicationController#index (for 127.0.0.1 at 2009-09-10 13:15:11) [GET]

SyntaxError (/Users/markoseppa/Programming/Rails/Work/god-interface/app/controllers/god_interface_controller.rb:4: syntax error, unexpected ':', expecting kEND
    @status = `god status` : "God is not running or has no watches"
                            ^):
  

Rendered rescues/_trace (72.5ms)
Rendered rescues/_request_and_response (19.9ms)
Rendering rescues/layout (internal_server_error)


Processing GodInterfaceController#index (for 127.0.0.1 at 2009-09-10 13:15:53) [GET]
Rendering god_interface/index
Completed in 1404ms (View: 45, DB: 0) | 200 OK [http://localhost/]


Processing GodInterfaceController#index (for 127.0.0.1 at 2009-09-10 13:18:56) [GET]
Rendering god_interface/index
Completed in 797ms (View: 2, DB: 0) | 200 OK [http://localhost/]


Processing GodInterfaceController#index (for 127.0.0.1 at 2009-09-10 13:19:27) [GET]
Rendering god_interface/index
Completed in 803ms (View: 1, DB: 0) | 200 OK [http://localhost/]


Processing GodInterfaceController#index (for 127.0.0.1 at 2009-09-10 13:24:02) [GET]
Rendering god_interface/index
Completed in 875ms (View: 2, DB: 0) | 200 OK [http://localhost/]


Processing GodInterfaceController#index (for 127.0.0.1 at 2009-09-10 13:24:04) [GET]
Rendering god_interface/index
Completed in 802ms (View: 2, DB: 0) | 200 OK [http://localhost/]


Processing GodInterfaceController#index (for 127.0.0.1 at 2009-09-10 13:25:58) [GET]
Rendering god_interface/index
Completed in 801ms (View: 2, DB: 0) | 200 OK [http://localhost/]


Processing GodInterfaceController#index (for 127.0.0.1 at 2009-09-10 13:27:16) [GET]
Rendering god_interface/index
Completed in 800ms (View: 2, DB: 0) | 200 OK [http://localhost/]


Processing GodInterfaceController#index (for 127.0.0.1 at 2009-09-10 13:27:39) [GET]
Rendering god_interface/index
Completed in 803ms (View: 2, DB: 0) | 200 OK [http://localhost/]


Processing GodInterfaceController#index (for 127.0.0.1 at 2009-09-10 13:28:36) [GET]
Rendering god_interface/index
Completed in 801ms (View: 2, DB: 0) | 200 OK [http://localhost/]


Processing GodInterfaceController#index (for 127.0.0.1 at 2009-09-10 13:28:48) [GET]
Rendering god_interface/index
Completed in 804ms (View: 2, DB: 0) | 200 OK [http://localhost/]


Processing GodInterfaceController#index (for 127.0.0.1 at 2009-09-10 13:29:04) [GET]
Rendering god_interface/index
Completed in 868ms (View: 2, DB: 0) | 200 OK [http://localhost/]


Processing ApplicationController#index (for 127.0.0.1 at 2009-09-10 13:29:24) [GET]

SyntaxError (/Users/markoseppa/Programming/Rails/Work/god-interface/app/controllers/god_interface_controller.rb:6: syntax error, unexpected ','
    status = status.sub(' '+, '&nbsp;')
                             ^
/Users/markoseppa/Programming/Rails/Work/god-interface/app/controllers/god_interface_controller.rb:6: syntax error, unexpected ')', expecting kEND):
  

Rendered rescues/_trace (29.0ms)
Rendered rescues/_request_and_response (0.3ms)
Rendering rescues/layout (internal_server_error)


Processing ApplicationController#index (for 127.0.0.1 at 2009-09-10 13:29:47) [GET]

SyntaxError (/Users/markoseppa/Programming/Rails/Work/god-interface/app/controllers/god_interface_controller.rb:6: syntax error, unexpected ','
    status = status.sub(' '*, '&nbsp;')
                             ^
/Users/markoseppa/Programming/Rails/Work/god-interface/app/controllers/god_interface_controller.rb:6: syntax error, unexpected ')', expecting kEND):
  

Rendered rescues/_trace (25.2ms)
Rendered rescues/_request_and_response (0.2ms)
Rendering rescues/layout (internal_server_error)


Processing ApplicationController#index (for 127.0.0.1 at 2009-09-10 13:29:58) [GET]

SyntaxError (/Users/markoseppa/Programming/Rails/Work/god-interface/app/controllers/god_interface_controller.rb:6: syntax error, unexpected ','
    status = status.sub(/ /*, '&nbsp;')
                             ^
/Users/markoseppa/Programming/Rails/Work/god-interface/app/controllers/god_interface_controller.rb:6: syntax error, unexpected ')', expecting kEND):
  

Rendered rescues/_trace (24.6ms)
Rendered rescues/_request_and_response (0.2ms)
Rendering rescues/layout (internal_server_error)


Processing ApplicationController#index (for 127.0.0.1 at 2009-09-10 13:32:05) [GET]

SyntaxError (/Users/markoseppa/Programming/Rails/Work/god-interface/app/controllers/god_interface_controller.rb:6: syntax error, unexpected $undefined, expecting ']'
    status = status.sub([ \t]*, '&nbsp;')
                           ^
/Users/markoseppa/Programming/Rails/Work/god-interface/app/controllers/god_interface_controller.rb:6: syntax error, unexpected ')', expecting kEND):
  

Rendered rescues/_trace (25.5ms)
Rendered rescues/_request_and_response (0.2ms)
Rendering rescues/layout (internal_server_error)


Processing ApplicationController#index (for 127.0.0.1 at 2009-09-10 13:32:06) [GET]

SyntaxError (/Users/markoseppa/Programming/Rails/Work/god-interface/app/controllers/god_interface_controller.rb:6: syntax error, unexpected $undefined, expecting ']'
    status = status.sub([ \t]*, '&nbsp;')
                           ^
/Users/markoseppa/Programming/Rails/Work/god-interface/app/controllers/god_interface_controller.rb:6: syntax error, unexpected ')', expecting kEND):
  

Rendered rescues/_trace (87.3ms)
Rendered rescues/_request_and_response (0.2ms)
Rendering rescues/layout (internal_server_error)


Processing GodInterfaceController#index (for 127.0.0.1 at 2009-09-10 13:32:14) [GET]
Rendering god_interface/index
Completed in 803ms (View: 1, DB: 0) | 200 OK [http://localhost/]


Processing GodInterfaceController#index (for 127.0.0.1 at 2009-09-10 13:32:43) [GET]
Rendering god_interface/index
Completed in 807ms (View: 2, DB: 0) | 200 OK [http://localhost/]


Processing GodInterfaceController#index (for 127.0.0.1 at 2009-09-10 13:32:59) [GET]
Rendering god_interface/index
Completed in 803ms (View: 2, DB: 0) | 200 OK [http://localhost/]


Processing GodInterfaceController#index (for 127.0.0.1 at 2009-09-10 13:33:10) [GET]
Rendering god_interface/index
Completed in 800ms (View: 2, DB: 0) | 200 OK [http://localhost/]


Processing ApplicationController#index (for 127.0.0.1 at 2009-09-10 13:33:33) [GET]

SyntaxError (/Users/markoseppa/Programming/Rails/Work/god-interface/app/controllers/god_interface_controller.rb:6: syntax error, unexpected ','
    status = status.sub(g/[ ]/, '&nbsp;')
                               ^
/Users/markoseppa/Programming/Rails/Work/god-interface/app/controllers/god_interface_controller.rb:6: syntax error, unexpected ')', expecting kEND):
  

Rendered rescues/_trace (29.6ms)
Rendered rescues/_request_and_response (0.2ms)
Rendering rescues/layout (internal_server_error)


Processing GodInterfaceController#index (for 127.0.0.1 at 2009-09-10 13:35:47) [GET]
Rendering god_interface/index
Completed in 875ms (View: 2, DB: 0) | 200 OK [http://localhost/]


Processing GodInterfaceController#index (for 127.0.0.1 at 2009-09-10 13:36:13) [GET]
Rendering god_interface/index
Completed in 796ms (View: 2, DB: 0) | 200 OK [http://localhost/]


Processing GodInterfaceController#index (for 127.0.0.1 at 2009-09-10 13:36:25) [GET]
Rendering god_interface/index
Completed in 803ms (View: 2, DB: 0) | 200 OK [http://localhost/]


Processing GodInterfaceController#index (for 127.0.0.1 at 2009-09-10 13:39:05) [GET]
Rendering god_interface/index
Completed in 790ms (View: 2, DB: 0) | 200 OK [http://localhost/]


Processing GodInterfaceController#index (for 127.0.0.1 at 2009-09-10 13:39:14) [GET]
Rendering god_interface/index
Completed in 801ms (View: 2, DB: 0) | 200 OK [http://localhost/]


Processing GodInterfaceController#index (for 127.0.0.1 at 2009-09-10 13:39:58) [GET]
Rendering god_interface/index
Completed in 846ms (View: 2, DB: 0) | 200 OK [http://localhost/]


Processing GodInterfaceController#index (for 127.0.0.1 at 2009-09-10 13:40:30) [GET]
Rendering god_interface/index
Completed in 796ms (View: 2, DB: 0) | 200 OK [http://localhost/]


Processing GodInterfaceController#index (for 127.0.0.1 at 2009-09-10 13:40:49) [GET]
Rendering god_interface/index
Completed in 875ms (View: 2, DB: 0) | 200 OK [http://localhost/]


Processing ApplicationController#index (for 127.0.0.1 at 2009-09-10 13:46:23) [GET]

SyntaxError (/Users/markoseppa/Programming/Rails/Work/god-interface/app/controllers/god_interface_controller.rb:11: syntax error, unexpected ':', expecting $end):
  

Rendered rescues/_trace (105.5ms)
Rendered rescues/_request_and_response (0.2ms)
Rendering rescues/layout (internal_server_error)


Processing ApplicationController#index (for 127.0.0.1 at 2009-09-10 13:46:51) [GET]

SyntaxError (/Users/markoseppa/Programming/Rails/Work/god-interface/app/controllers/god_interface_controller.rb:11: syntax error, unexpected ':', expecting $end):
  

Rendered rescues/_trace (25.2ms)
Rendered rescues/_request_and_response (0.2ms)
Rendering rescues/layout (internal_server_error)


Processing ApplicationController#index (for 127.0.0.1 at 2009-09-10 13:47:14) [GET]

SyntaxError (/Users/markoseppa/Programming/Rails/Work/god-interface/app/controllers/god_interface_controller.rb:12: syntax error, unexpected ':', expecting $end):
  

Rendered rescues/_trace (24.4ms)
Rendered rescues/_request_and_response (0.2ms)
Rendering rescues/layout (internal_server_error)


Processing ApplicationController#index (for 127.0.0.1 at 2009-09-10 13:47:15) [GET]

SyntaxError (/Users/markoseppa/Programming/Rails/Work/god-interface/app/controllers/god_interface_controller.rb:12: syntax error, unexpected ':', expecting $end):
  

Rendered rescues/_trace (26.4ms)
Rendered rescues/_request_and_response (0.2ms)
Rendering rescues/layout (internal_server_error)


Processing ApplicationController#index (for 127.0.0.1 at 2009-09-10 13:47:16) [GET]

SyntaxError (/Users/markoseppa/Programming/Rails/Work/god-interface/app/controllers/god_interface_controller.rb:12: syntax error, unexpected ':', expecting $end):
  

Rendered rescues/_trace (25.8ms)
Rendered rescues/_request_and_response (0.2ms)
Rendering rescues/layout (internal_server_error)


Processing ApplicationController#index (for 127.0.0.1 at 2009-09-10 13:47:16) [GET]

SyntaxError (/Users/markoseppa/Programming/Rails/Work/god-interface/app/controllers/god_interface_controller.rb:12: syntax error, unexpected ':', expecting $end):
  

Rendered rescues/_trace (25.6ms)
Rendered rescues/_request_and_response (0.3ms)
Rendering rescues/layout (internal_server_error)


Processing ApplicationController#index (for 127.0.0.1 at 2009-09-10 13:47:16) [GET]

SyntaxError (/Users/markoseppa/Programming/Rails/Work/god-interface/app/controllers/god_interface_controller.rb:12: syntax error, unexpected ':', expecting $end):
  

Rendered rescues/_trace (25.0ms)
Rendered rescues/_request_and_response (0.2ms)
Rendering rescues/layout (internal_server_error)


Processing ApplicationController#index (for 127.0.0.1 at 2009-09-10 13:47:20) [GET]

SyntaxError (/Users/markoseppa/Programming/Rails/Work/god-interface/app/controllers/god_interface_controller.rb:12: syntax error, unexpected ':', expecting $end):
  

Rendered rescues/_trace (84.2ms)
Rendered rescues/_request_and_response (0.2ms)
Rendering rescues/layout (internal_server_error)


Processing ApplicationController#index (for 127.0.0.1 at 2009-09-10 13:47:21) [GET]

SyntaxError (/Users/markoseppa/Programming/Rails/Work/god-interface/app/controllers/god_interface_controller.rb:12: syntax error, unexpected ':', expecting $end):
  

Rendered rescues/_trace (24.9ms)
Rendered rescues/_request_and_response (0.2ms)
Rendering rescues/layout (internal_server_error)


Processing GodInterfaceController#index (for 127.0.0.1 at 2009-09-10 13:47:39) [GET]
Rendering god_interface/index
Completed in 1002ms (View: 2, DB: 0) | 200 OK [http://localhost/]


Processing GodInterfaceController#index (for 127.0.0.1 at 2009-09-10 13:51:18) [GET]
Rendering god_interface/index
Completed in 803ms (View: 2, DB: 0) | 200 OK [http://localhost/]


Processing GodInterfaceController#index (for 127.0.0.1 at 2009-09-10 13:52:14) [GET]
Rendering god_interface/index
Completed in 805ms (View: 5, DB: 0) | 200 OK [http://localhost/]


Processing GodInterfaceController#index (for 127.0.0.1 at 2009-09-10 13:57:51) [GET]
Rendering god_interface/index
Completed in 812ms (View: 5, DB: 0) | 200 OK [http://localhost/]


Processing GodInterfaceController#index (for 127.0.0.1 at 2009-09-10 14:02:10) [GET]
Rendering god_interface/index
Completed in 869ms (View: 5, DB: 0) | 200 OK [http://localhost/]


Processing GodInterfaceController#index (for 127.0.0.1 at 2009-09-10 14:10:23) [GET]

NoMethodError (undefined method `status_html' for GodWatchParser:Class):
  app/controllers/god_interface_controller.rb:14:in `index'

Rendered rescues/_trace (31.1ms)
Rendered rescues/_request_and_response (0.3ms)
Rendering rescues/layout (internal_server_error)


Processing GodInterfaceController#index (for 127.0.0.1 at 2009-09-10 14:10:37) [GET]
Rendering god_interface/index
Completed in 855ms (View: 2, DB: 0) | 200 OK [http://localhost/]


Processing GodInterfaceController#index (for 127.0.0.1 at 2009-09-10 14:11:40) [GET]
Rendering god_interface/index
Completed in 801ms (View: 2, DB: 0) | 200 OK [http://localhost/]


Processing GodInterfaceController#index (for 127.0.0.1 at 2009-09-10 16:26:21) [GET]
Rendering god_interface/index
Completed in 869ms (View: 8, DB: 0) | 200 OK [http://localhost/]


Processing GodInterfaceController#index (for 127.0.0.1 at 2009-09-10 16:30:06) [GET]
Rendering god_interface/index
Completed in 804ms (View: 7, DB: 0) | 200 OK [http://localhost/]


Processing GodInterfaceController#index (for 127.0.0.1 at 2009-09-10 16:30:19) [GET]
Rendering god_interface/index

ActionView::TemplateError (undefined method `to_sym' for [:"Test watches", {:Test=>"up"}]:Array) on line #4 of app/views/god_interface/index.html.erb:
1: <h2>God monitoring status</h2>
2: <p>
3: 	<% @processes.each do |process| %>
4: 		<p><%= @processes[process.to_sym] %></p>
5: 	<% end %>
6: </p>

    app/views/god_interface/index.html.erb:4
    app/views/god_interface/index.html.erb:3:in `each'
    app/views/god_interface/index.html.erb:3

Rendered rescues/_trace (37.9ms)
Rendered rescues/_request_and_response (0.3ms)
Rendering rescues/layout (internal_server_error)


Processing GodInterfaceController#index (for 127.0.0.1 at 2009-09-10 16:43:01) [GET]
Rendering god_interface/index
Completed in 892ms (View: 6, DB: 0) | 200 OK [http://localhost/]


Processing GodInterfaceController#index (for 127.0.0.1 at 2009-09-10 16:45:23) [GET]
Rendering god_interface/index
Completed in 810ms (View: 5, DB: 0) | 200 OK [http://localhost/]


Processing GodInterfaceController#index (for 127.0.0.1 at 2009-09-10 16:45:32) [GET]
Rendering god_interface/index
Completed in 810ms (View: 5, DB: 0) | 200 OK [http://localhost/]


Processing GodInterfaceController#index (for 127.0.0.1 at 2009-09-10 16:45:41) [GET]
Rendering god_interface/index
Completed in 808ms (View: 5, DB: 0) | 200 OK [http://localhost/]


Processing GodInterfaceController#index (for 127.0.0.1 at 2009-09-10 16:45:47) [GET]
Rendering god_interface/index
Completed in 802ms (View: 5, DB: 0) | 200 OK [http://localhost/]


Processing GodInterfaceController#index (for 127.0.0.1 at 2009-09-10 16:46:05) [GET]
Rendering god_interface/index
Completed in 812ms (View: 9, DB: 0) | 200 OK [http://localhost/]


Processing GodInterfaceController#index (for 127.0.0.1 at 2009-09-10 16:47:15) [GET]
Rendering god_interface/index

ActionView::TemplateError (undefined local variable or method `watches' for #<ActionView::Base:0x25fd870>) on line #11 of app/views/god_interface/index.html.erb:
8: 					&nbsp;&nbsp;&nbsp;<%= watches[0] %>: <%= watches[1] %>
9: 				<% end %>
10: 			<% else %>
11: 				<%= watches[0] %>: <%= watches[1] %>
12: 			<% end %>
13: 		<% end %>
14: 	<% end %>

    app/views/god_interface/index.html.erb:11
    app/views/god_interface/index.html.erb:3:in `each'
    app/views/god_interface/index.html.erb:3

Rendered rescues/_trace (38.2ms)
Rendered rescues/_request_and_response (0.3ms)
Rendering rescues/layout (internal_server_error)


Processing GodInterfaceController#index (for 127.0.0.1 at 2009-09-10 16:48:40) [GET]
Rendering god_interface/index

ActionView::TemplateError (undefined local variable or method `watches' for #<ActionView::Base:0x2457cdc>) on line #10 of app/views/god_interface/index.html.erb:
7: 					&nbsp;&nbsp;&nbsp;<%= watches[0] %>: <%= watches[1] %>
8: 				<% end %>
9: 		<% else %>
10: 			<%= watches[0] %>: <%= watches[1] %>
11: 		<% end %>
12: 	<% end %>
13: </p>

    app/views/god_interface/index.html.erb:10
    app/views/god_interface/index.html.erb:3:in `each'
    app/views/god_interface/index.html.erb:3

Rendered rescues/_trace (105.7ms)
Rendered rescues/_request_and_response (0.2ms)
Rendering rescues/layout (internal_server_error)


Processing GodInterfaceController#index (for 127.0.0.1 at 2009-09-10 16:48:53) [GET]
Rendering god_interface/index
Completed in 6ms (View: 3, DB: 0) | 200 OK [http://localhost/]


Processing GodInterfaceController#index (for 127.0.0.1 at 2009-09-10 16:49:04) [GET]
Rendering god_interface/index
Completed in 7ms (View: 3, DB: 0) | 200 OK [http://localhost/]


Processing GodInterfaceController#index (for 127.0.0.1 at 2009-09-10 16:49:44) [GET]
Rendering god_interface/index
Completed in 6ms (View: 3, DB: 0) | 200 OK [http://localhost/]


Processing GodInterfaceController#index (for 127.0.0.1 at 2009-09-10 16:50:06) [GET]
Rendering god_interface/index
Completed in 6ms (View: 3, DB: 0) | 200 OK [http://localhost/]


Processing GodInterfaceController#index (for 127.0.0.1 at 2009-09-11 10:17:02) [GET]
Rendering god_interface/index
Completed in 54ms (View: 47, DB: 0) | 200 OK [http://localhost/]


Processing ApplicationController#index (for 127.0.0.1 at 2009-09-11 10:23:40) [GET]

ArgumentError (wrong number of arguments (1 for 0)):
  app/controllers/god_interface_controller.rb:2:in `helpers'
  app/controllers/god_interface_controller.rb:2

Rendered rescues/_trace (28.4ms)
Rendered rescues/_request_and_response (1.2ms)
Rendering rescues/layout (internal_server_error)


Processing GodInterfaceController#index (for 127.0.0.1 at 2009-09-11 10:24:03) [GET]
Rendering god_interface/index
Completed in 6ms (View: 3, DB: 0) | 200 OK [http://localhost/]


Processing GodInterfaceController#index (for 127.0.0.1 at 2009-09-11 10:24:23) [GET]
Rendering god_interface/index
Completed in 3ms (View: 1, DB: 0) | 200 OK [http://localhost/]


Processing GodInterfaceController#index (for 127.0.0.1 at 2009-09-11 10:24:24) [GET]
Rendering god_interface/index
Completed in 3ms (View: 1, DB: 0) | 200 OK [http://localhost/]


Processing GodInterfaceController#index (for 127.0.0.1 at 2009-09-11 10:24:36) [GET]
Rendering god_interface/index
Completed in 4ms (View: 1, DB: 0) | 200 OK [http://localhost/]


Processing GodInterfaceController#index (for 127.0.0.1 at 2009-09-11 10:32:11) [GET]
Rendering god_interface/index
Completed in 7ms (View: 4, DB: 0) | 200 OK [http://localhost/]


Processing GodInterfaceController#index (for 127.0.0.1 at 2009-09-11 10:32:25) [GET]
Rendering god_interface/index
Completed in 4ms (View: 1, DB: 0) | 200 OK [http://localhost/]


Processing GodInterfaceController#index (for 127.0.0.1 at 2009-09-11 10:32:26) [GET]
Rendering god_interface/index
Completed in 5ms (View: 1, DB: 0) | 200 OK [http://localhost/]


Processing GodInterfaceController#index (for 127.0.0.1 at 2009-09-11 10:32:43) [GET]
Rendering god_interface/index
Completed in 5ms (View: 1, DB: 0) | 200 OK [http://localhost/]


Processing GodInterfaceController#index (for 127.0.0.1 at 2009-09-11 10:33:09) [GET]
Rendering god_interface/index
Completed in 52ms (View: 48, DB: 0) | 200 OK [http://localhost/]


Processing GodInterfaceController#index (for 127.0.0.1 at 2009-09-11 10:40:28) [GET]
Rendering god_interface/index

ActionView::TemplateError (undefined method `watch_path' for #<ActionView::Base:0x259ed70>) on line #7 of app/views/god_interface/index.html.erb:
4: 		<% if process[1].is_a?(Hash) %>
5: 			<%= process[0] %>:&nbsp;&nbsp;&nbsp;<a href="#">stop group</a><br />
6: 				<% process[1].each do |watches| %>
7: 					&nbsp;&nbsp;&nbsp;<%= watches[0] %>: <%= watches[1] %>&nbsp;&nbsp;&nbsp;<%= watch_action_links(watches) %><br />
8: 				<% end %>
9: 		<% else %>
10: 			<%= process[0] %>: <%= process[1] %>&nbsp;&nbsp;&nbsp;<%= watch_action_links(watches) %><br />

    app/helpers/watch_helper.rb:5:in `watch_action_links'
    app/views/god_interface/index.html.erb:7
    app/views/god_interface/index.html.erb:6:in `each'
    app/views/god_interface/index.html.erb:6
    app/views/god_interface/index.html.erb:3:in `each'
    app/views/god_interface/index.html.erb:3

Rendered rescues/_trace (35.8ms)
Rendered rescues/_request_and_response (0.2ms)
Rendering rescues/layout (internal_server_error)


Processing GodInterfaceController#index (for 127.0.0.1 at 2009-09-11 10:42:21) [GET]
Rendering god_interface/index

ActionView::TemplateError (undefined local variable or method `watches' for #<ActionView::Base:0x23d93dc>) on line #10 of app/views/god_interface/index.html.erb:
7: 					&nbsp;&nbsp;&nbsp;<%= watches[0] %>: <%= watches[1] %>&nbsp;&nbsp;&nbsp;<%= watch_action_links(watches) %><br />
8: 				<% end %>
9: 		<% else %>
10: 			<%= process[0] %>: <%= process[1] %>&nbsp;&nbsp;&nbsp;<%= watch_action_links(watches) %><br />
11: 		<% end %>
12: 	<% end %>
13: </p>

    app/views/god_interface/index.html.erb:10
    app/views/god_interface/index.html.erb:3:in `each'
    app/views/god_interface/index.html.erb:3

Rendered rescues/_trace (92.3ms)
Rendered rescues/_request_and_response (0.2ms)
Rendering rescues/layout (internal_server_error)


Processing GodInterfaceController#index (for 127.0.0.1 at 2009-09-11 10:42:50) [GET]
Rendering god_interface/index
Completed in 7ms (View: 4, DB: 0) | 200 OK [http://localhost/]


Processing GodInterfaceController#index (for 127.0.0.1 at 2009-09-11 10:43:33) [GET]
Rendering god_interface/index
Completed in 7ms (View: 4, DB: 0) | 200 OK [http://localhost/]


Processing GodInterfaceController#index (for 127.0.0.1 at 2009-09-11 10:44:11) [GET]
Rendering god_interface/index

ActionView::TemplateError (undefined method `watch_path' for #<ActionView::Base:0x24cff5c>) on line #10 of app/views/god_interface/index.html.erb:
7: 					&nbsp;&nbsp;&nbsp;<%= watches[0] %>: <%= watches[1] %>&nbsp;&nbsp;&nbsp;<%= watch_action_links(watches, process[0]) %><br />
8: 				<% end %>
9: 		<% else %>
10: 			<%= process[0] %>: <%= process[1] %>&nbsp;&nbsp;&nbsp;<%= watch_action_links(process) %><br />
11: 		<% end %>
12: 	<% end %>
13: </p>

    app/helpers/watch_helper.rb:5:in `watch_action_links'
    app/views/god_interface/index.html.erb:10
    app/views/god_interface/index.html.erb:3:in `each'
    app/views/god_interface/index.html.erb:3

Rendered rescues/_trace (33.3ms)
Rendered rescues/_request_and_response (0.2ms)
Rendering rescues/layout (internal_server_error)


Processing GodInterfaceController#index (for 127.0.0.1 at 2009-09-11 10:44:28) [GET]
Rendering god_interface/index

ActionView::TemplateError (undefined method `watch_path' for #<ActionView::Base:0x225cd4c>) on line #10 of app/views/god_interface/index.html.erb:
7: 					&nbsp;&nbsp;&nbsp;<%= watches[0] %>: <%= watches[1] %>&nbsp;&nbsp;&nbsp;<%= watch_action_links(watches, process[0]) %><br />
8: 				<% end %>
9: 		<% else %>
10: 			<%= process[0] %>: <%= process[1] %>&nbsp;&nbsp;&nbsp;<%= watch_action_links(process) %><br />
11: 		<% end %>
12: 	<% end %>
13: </p>

    app/helpers/watch_helper.rb:5:in `watch_action_links'
    app/views/god_interface/index.html.erb:10
    app/views/god_interface/index.html.erb:3:in `each'
    app/views/god_interface/index.html.erb:3

Rendered rescues/_trace (34.3ms)
Rendered rescues/_request_and_response (0.2ms)
Rendering rescues/layout (internal_server_error)


Processing GodInterfaceController#index (for 127.0.0.1 at 2009-09-11 10:47:57) [GET]
Rendering god_interface/index

ActionView::TemplateError (undefined method `watch_path' for #<ActionView::Base:0x25d01a4>) on line #10 of app/views/god_interface/index.html.erb:
7: 					&nbsp;&nbsp;&nbsp;<%= watches[0] %>: <%= watches[1] %>&nbsp;&nbsp;&nbsp;<%= watch_action_links(watches, process[0]) %><br />
8: 				<% end %>
9: 		<% else %>
10: 			<%= process[0] %>: <%= process[1] %>&nbsp;&nbsp;&nbsp;<%= watch_action_links(process) %><br />
11: 		<% end %>
12: 	<% end %>
13: </p>

    app/helpers/watch_helper.rb:5:in `watch_action_links'
    app/views/god_interface/index.html.erb:10
    app/views/god_interface/index.html.erb:3:in `each'
    app/views/god_interface/index.html.erb:3

Rendered rescues/_trace (37.1ms)
Rendered rescues/_request_and_response (1.3ms)
Rendering rescues/layout (internal_server_error)


Processing GodInterfaceController#index (for 127.0.0.1 at 2009-09-11 10:48:38) [GET]
Rendering god_interface/index

ActionView::TemplateError (undefined method `group_watch_path' for #<ActionView::Base:0x21e3e9c>) on line #7 of app/views/god_interface/index.html.erb:
4: 		<% if process[1].is_a?(Hash) %>
5: 			<%= process[0] %>:&nbsp;&nbsp;&nbsp;<a href="#">stop group</a><br />
6: 				<% process[1].each do |watches| %>
7: 					&nbsp;&nbsp;&nbsp;<%= watches[0] %>: <%= watches[1] %>&nbsp;&nbsp;&nbsp;<%= watch_action_links(watches, process[0]) %><br />
8: 				<% end %>
9: 		<% else %>
10: 			<%= process[0] %>: <%= process[1] %>&nbsp;&nbsp;&nbsp;<%= watch_action_links(process) %><br />

    app/helpers/watch_helper.rb:5:in `watch_action_links'
    app/views/god_interface/index.html.erb:7
    app/views/god_interface/index.html.erb:6:in `each'
    app/views/god_interface/index.html.erb:6
    app/views/god_interface/index.html.erb:3:in `each'
    app/views/god_interface/index.html.erb:3

Rendered rescues/_trace (36.3ms)
Rendered rescues/_request_and_response (1.3ms)
Rendering rescues/layout (internal_server_error)


Processing GodInterfaceController#index (for 127.0.0.1 at 2009-09-11 10:48:55) [GET]
Rendering god_interface/index

ActionView::TemplateError (undefined method `watch_path' for #<ActionView::Base:0x246bdb8>) on line #7 of app/views/god_interface/index.html.erb:
4: 		<% if process[1].is_a?(Hash) %>
5: 			<%= process[0] %>:&nbsp;&nbsp;&nbsp;<a href="#">stop group</a><br />
6: 				<% process[1].each do |watches| %>
7: 					&nbsp;&nbsp;&nbsp;<%= watches[0] %>: <%= watches[1] %>&nbsp;&nbsp;&nbsp;<%= watch_action_links(watches, process[0]) %><br />
8: 				<% end %>
9: 		<% else %>
10: 			<%= process[0] %>: <%= process[1] %>&nbsp;&nbsp;&nbsp;<%= watch_action_links(process) %><br />

    app/helpers/watch_helper.rb:6:in `watch_action_links'
    app/views/god_interface/index.html.erb:7
    app/views/god_interface/index.html.erb:6:in `each'
    app/views/god_interface/index.html.erb:6
    app/views/god_interface/index.html.erb:3:in `each'
    app/views/god_interface/index.html.erb:3

Rendered rescues/_trace (38.8ms)
Rendered rescues/_request_and_response (0.3ms)
Rendering rescues/layout (internal_server_error)


Processing GodInterfaceController#index (for 127.0.0.1 at 2009-09-11 10:50:34) [GET]
Rendering god_interface/index
Completed in 9ms (View: 6, DB: 0) | 200 OK [http://localhost/]


Processing GodInterfaceController#index (for 127.0.0.1 at 2009-09-11 11:36:37) [GET]
Rendering god_interface/index
Completed in 4ms (View: 1, DB: 0) | 200 OK [http://localhost/]


Processing WatchesController#destroy (for 127.0.0.1 at 2009-09-11 11:36:38) [DELETE]
  Parameters: {"authenticity_token"=>"OXHJwB1wGOILYp+f1g4WMSkKuF+v/4nHSiCKPZ2hc9s=", "id"=>"watch_1", "group_id"=>"Test"}

ActionController::UnknownAction (No action responded to destroy. Actions: create and delete):
  

Rendering rescues/layout (not_found)


Processing GodInterfaceController#index (for 127.0.0.1 at 2009-09-11 11:36:52) [GET]
Rendering god_interface/index
Completed in 5ms (View: 1, DB: 0) | 200 OK [http://localhost/]


Processing WatchesController#destroy (for 127.0.0.1 at 2009-09-11 11:36:53) [DELETE]
  Parameters: {"authenticity_token"=>"OXHJwB1wGOILYp+f1g4WMSkKuF+v/4nHSiCKPZ2hc9s=", "id"=>"watch_1", "group_id"=>"Test"}
Redirected to http://localhost:3000/
Completed in 2ms (DB: 0) | 302 Found [http://localhost/groups/Test/watches/watch_1]


Processing GodInterfaceController#index (for 127.0.0.1 at 2009-09-11 11:36:53) [GET]
Rendering god_interface/index
Completed in 4ms (View: 1, DB: 0) | 200 OK [http://localhost/]


Processing WatchesController#destroy (for 127.0.0.1 at 2009-09-11 11:36:54) [DELETE]
  Parameters: {"authenticity_token"=>"OXHJwB1wGOILYp+f1g4WMSkKuF+v/4nHSiCKPZ2hc9s=", "id"=>"watch_1", "group_id"=>"Test"}
Redirected to http://localhost:3000/
Completed in 2ms (DB: 0) | 302 Found [http://localhost/groups/Test/watches/watch_1]


Processing GodInterfaceController#index (for 127.0.0.1 at 2009-09-11 11:36:54) [GET]
Rendering god_interface/index
Completed in 4ms (View: 1, DB: 0) | 200 OK [http://localhost/]


Processing WatchesController#destroy (for 127.0.0.1 at 2009-09-11 11:36:55) [DELETE]
  Parameters: {"authenticity_token"=>"OXHJwB1wGOILYp+f1g4WMSkKuF+v/4nHSiCKPZ2hc9s=", "id"=>"watch_1", "group_id"=>"Test"}
Redirected to http://localhost:3000/
Completed in 2ms (DB: 0) | 302 Found [http://localhost/groups/Test/watches/watch_1]


Processing GodInterfaceController#index (for 127.0.0.1 at 2009-09-11 11:36:55) [GET]
Rendering god_interface/index
Completed in 4ms (View: 1, DB: 0) | 200 OK [http://localhost/]


Processing WatchesController#destroy (for 127.0.0.1 at 2009-09-11 11:36:55) [DELETE]
  Parameters: {"authenticity_token"=>"OXHJwB1wGOILYp+f1g4WMSkKuF+v/4nHSiCKPZ2hc9s=", "id"=>"watch_1", "group_id"=>"Test"}
Redirected to http://localhost:3000/
Completed in 2ms (DB: 0) | 302 Found [http://localhost/groups/Test/watches/watch_1]


Processing GodInterfaceController#index (for 127.0.0.1 at 2009-09-11 11:36:56) [GET]
Rendering god_interface/index
Completed in 4ms (View: 1, DB: 0) | 200 OK [http://localhost/]


Processing WatchesController#destroy (for 127.0.0.1 at 2009-09-11 11:36:56) [DELETE]
  Parameters: {"authenticity_token"=>"OXHJwB1wGOILYp+f1g4WMSkKuF+v/4nHSiCKPZ2hc9s=", "id"=>"watch_1", "group_id"=>"Test"}
Redirected to http://localhost:3000/
Completed in 2ms (DB: 0) | 302 Found [http://localhost/groups/Test/watches/watch_1]


Processing GodInterfaceController#index (for 127.0.0.1 at 2009-09-11 11:36:56) [GET]
Rendering god_interface/index
Completed in 5ms (View: 1, DB: 0) | 200 OK [http://localhost/]


Processing WatchesController#destroy (for 127.0.0.1 at 2009-09-11 11:36:56) [DELETE]
  Parameters: {"authenticity_token"=>"OXHJwB1wGOILYp+f1g4WMSkKuF+v/4nHSiCKPZ2hc9s=", "id"=>"watch_1", "group_id"=>"Test"}
Redirected to http://localhost:3000/
Completed in 2ms (DB: 0) | 302 Found [http://localhost/groups/Test/watches/watch_1]


Processing GodInterfaceController#index (for 127.0.0.1 at 2009-09-11 11:36:56) [GET]
Rendering god_interface/index
Completed in 5ms (View: 2, DB: 0) | 200 OK [http://localhost/]


Processing ApplicationController#index (for 127.0.0.1 at 2009-09-11 11:36:57) [POST]
  Parameters: {"authenticity_token"=>"OXHJwB1wGOILYp+f1g4WMSkKuF+v/4nHSiCKPZ2hc9s="}

ActionController::MethodNotAllowed (Only get, put, and delete requests are allowed.):
  

Rendered rescues/_trace (21.5ms)
Rendered rescues/_request_and_response (1.2ms)
Rendering rescues/layout (method_not_allowed)


Processing GodInterfaceController#index (for 127.0.0.1 at 2009-09-11 11:43:28) [GET]
Rendering god_interface/index
Completed in 4ms (View: 1, DB: 0) | 200 OK [http://localhost/]


Processing WatchesController#show (for 127.0.0.1 at 2009-09-11 11:44:37) [GET]
  Parameters: {"id"=>"watch_1", "group_id"=>"Test2"}

ActionController::UnknownAction (No action responded to show. Actions: destroy and start):
  

Rendering rescues/layout (not_found)


Processing GodInterfaceController#index (for 127.0.0.1 at 2009-09-11 11:44:41) [GET]
Rendering god_interface/index
Completed in 5ms (View: 1, DB: 0) | 200 OK [http://localhost/]


Processing WatchesController#start (for 127.0.0.1 at 2009-09-11 11:44:43) [GET]
  Parameters: {"id"=>"watch_1", "group_id"=>"Test2"}
Redirected to http://localhost:3000/
Completed in 2ms (DB: 0) | 302 Found [http://localhost/groups/Test2/watches/watch_1/start]


Processing GodInterfaceController#index (for 127.0.0.1 at 2009-09-11 11:44:43) [GET]
Rendering god_interface/index
Completed in 4ms (View: 1, DB: 0) | 200 OK [http://localhost/]


Processing WatchesController#start (for 127.0.0.1 at 2009-09-11 11:44:45) [DELETE]
  Parameters: {"authenticity_token"=>"OXHJwB1wGOILYp+f1g4WMSkKuF+v/4nHSiCKPZ2hc9s=", "id"=>"watch_1", "group_id"=>"Test"}
Redirected to http://localhost:3000/
Completed in 2ms (DB: 0) | 302 Found [http://localhost/groups/Test/watches/watch_1/start]


Processing GodInterfaceController#index (for 127.0.0.1 at 2009-09-11 11:44:45) [GET]
Rendering god_interface/index
Completed in 4ms (View: 1, DB: 0) | 200 OK [http://localhost/]


Processing WatchesController#start (for 127.0.0.1 at 2009-09-11 11:44:46) [GET]
  Parameters: {"id"=>"watch_1", "group_id"=>"Test2"}
Redirected to http://localhost:3000/
Completed in 2ms (DB: 0) | 302 Found [http://localhost/groups/Test2/watches/watch_1/start]


Processing GodInterfaceController#index (for 127.0.0.1 at 2009-09-11 11:44:46) [GET]
Rendering god_interface/index
Completed in 4ms (View: 1, DB: 0) | 200 OK [http://localhost/]


Processing WatchesController#start (for 127.0.0.1 at 2009-09-11 11:44:47) [DELETE]
  Parameters: {"authenticity_token"=>"OXHJwB1wGOILYp+f1g4WMSkKuF+v/4nHSiCKPZ2hc9s=", "id"=>"watch_1", "group_id"=>"Test"}
Redirected to http://localhost:3000/
Completed in 2ms (DB: 0) | 302 Found [http://localhost/groups/Test/watches/watch_1/start]


Processing GodInterfaceController#index (for 127.0.0.1 at 2009-09-11 11:44:47) [GET]
Rendering god_interface/index
Completed in 4ms (View: 1, DB: 0) | 200 OK [http://localhost/]


Processing WatchesController#start (for 127.0.0.1 at 2009-09-11 11:44:48) [DELETE]
  Parameters: {"authenticity_token"=>"OXHJwB1wGOILYp+f1g4WMSkKuF+v/4nHSiCKPZ2hc9s=", "id"=>"watch_213"}
Redirected to http://localhost:3000/
Completed in 2ms (DB: 0) | 302 Found [http://localhost/watches/watch_213/start]


Processing GodInterfaceController#index (for 127.0.0.1 at 2009-09-11 11:44:48) [GET]
Rendering god_interface/index
Completed in 4ms (View: 1, DB: 0) | 200 OK [http://localhost/]


Processing GodInterfaceController#index (for 127.0.0.1 at 2009-09-11 11:46:07) [GET]
Rendering god_interface/index
Completed in 7ms (View: 4, DB: 0) | 200 OK [http://localhost/]


Processing WatchesController#start (for 127.0.0.1 at 2009-09-11 11:46:10) [DELETE]
  Parameters: {"authenticity_token"=>"OXHJwB1wGOILYp+f1g4WMSkKuF+v/4nHSiCKPZ2hc9s=", "id"=>"watch_213"}
Redirected to http://localhost:3000/
Completed in 2ms (DB: 0) | 302 Found [http://localhost/watches/watch_213/start]


Processing GodInterfaceController#index (for 127.0.0.1 at 2009-09-11 11:46:10) [GET]
Rendering god_interface/index
Completed in 4ms (View: 1, DB: 0) | 200 OK [http://localhost/]


Processing WatchesController#start (for 127.0.0.1 at 2009-09-11 11:46:11) [GET]
  Parameters: {"id"=>"watch_1", "group_id"=>"Test2"}
Redirected to http://localhost:3000/
Completed in 2ms (DB: 0) | 302 Found [http://localhost/groups/Test2/watches/watch_1/start]


Processing GodInterfaceController#index (for 127.0.0.1 at 2009-09-11 11:46:11) [GET]
Rendering god_interface/index
Completed in 4ms (View: 1, DB: 0) | 200 OK [http://localhost/]


Processing WatchesController#start (for 127.0.0.1 at 2009-09-11 11:46:12) [DELETE]
  Parameters: {"authenticity_token"=>"OXHJwB1wGOILYp+f1g4WMSkKuF+v/4nHSiCKPZ2hc9s=", "id"=>"watch_1", "group_id"=>"Test"}
Redirected to http://localhost:3000/
Completed in 2ms (DB: 0) | 302 Found [http://localhost/groups/Test/watches/watch_1/start]


Processing GodInterfaceController#index (for 127.0.0.1 at 2009-09-11 11:46:12) [GET]
Rendering god_interface/index
Completed in 4ms (View: 1, DB: 0) | 200 OK [http://localhost/]


Processing WatchesController#start (for 127.0.0.1 at 2009-09-11 11:46:13) [DELETE]
  Parameters: {"authenticity_token"=>"OXHJwB1wGOILYp+f1g4WMSkKuF+v/4nHSiCKPZ2hc9s=", "id"=>"watch_1", "group_id"=>"Test"}
Redirected to http://localhost:3000/
Completed in 2ms (DB: 0) | 302 Found [http://localhost/groups/Test/watches/watch_1/start]


Processing GodInterfaceController#index (for 127.0.0.1 at 2009-09-11 11:46:13) [GET]
Rendering god_interface/index
Completed in 4ms (View: 1, DB: 0) | 200 OK [http://localhost/]


Processing GodInterfaceController#index (for 127.0.0.1 at 2009-09-11 11:47:06) [GET]
Rendering god_interface/index
Completed in 4ms (View: 1, DB: 0) | 200 OK [http://localhost/]


Processing WatchesController#destroy (for 127.0.0.1 at 2009-09-11 11:47:08) [DELETE]
  Parameters: {"authenticity_token"=>"OXHJwB1wGOILYp+f1g4WMSkKuF+v/4nHSiCKPZ2hc9s=", "id"=>"watch_1", "group_id"=>"Test"}
Redirected to http://localhost:3000/
Completed in 2ms (DB: 0) | 302 Found [http://localhost/groups/Test/watches/watch_1]


Processing GodInterfaceController#index (for 127.0.0.1 at 2009-09-11 11:47:08) [GET]
Rendering god_interface/index
Completed in 61ms (View: 58, DB: 0) | 200 OK [http://localhost/]


Processing WatchesController#start (for 127.0.0.1 at 2009-09-11 11:47:10) [GET]
  Parameters: {"id"=>"watch_1", "group_id"=>"Test2"}
Redirected to http://localhost:3000/
Completed in 2ms (DB: 0) | 302 Found [http://localhost/groups/Test2/watches/watch_1/start]


Processing GodInterfaceController#index (for 127.0.0.1 at 2009-09-11 11:47:10) [GET]
Rendering god_interface/index
Completed in 4ms (View: 1, DB: 0) | 200 OK [http://localhost/]


Processing WatchesController#destroy (for 127.0.0.1 at 2009-09-11 11:47:11) [DELETE]
  Parameters: {"authenticity_token"=>"OXHJwB1wGOILYp+f1g4WMSkKuF+v/4nHSiCKPZ2hc9s=", "id"=>"watch_213"}
Redirected to http://localhost:3000/
Completed in 2ms (DB: 0) | 302 Found [http://localhost/watches/watch_213]


Processing GodInterfaceController#index (for 127.0.0.1 at 2009-09-11 11:47:11) [GET]
Rendering god_interface/index
Completed in 4ms (View: 1, DB: 0) | 200 OK [http://localhost/]


Processing WatchesController#destroy (for 127.0.0.1 at 2009-09-11 11:47:13) [DELETE]
  Parameters: {"authenticity_token"=>"OXHJwB1wGOILYp+f1g4WMSkKuF+v/4nHSiCKPZ2hc9s=", "id"=>"watch_1", "group_id"=>"Test"}
Redirected to http://localhost:3000/
Completed in 2ms (DB: 0) | 302 Found [http://localhost/groups/Test/watches/watch_1]


Processing GodInterfaceController#index (for 127.0.0.1 at 2009-09-11 11:47:13) [GET]
Rendering god_interface/index
Completed in 4ms (View: 1, DB: 0) | 200 OK [http://localhost/]


Processing WatchesController#start (for 127.0.0.1 at 2009-09-11 11:47:14) [GET]
  Parameters: {"id"=>"watch_1", "group_id"=>"Test2"}
Redirected to http://localhost:3000/
Completed in 2ms (DB: 0) | 302 Found [http://localhost/groups/Test2/watches/watch_1/start]


Processing GodInterfaceController#index (for 127.0.0.1 at 2009-09-11 11:47:14) [GET]
Rendering god_interface/index
Completed in 4ms (View: 1, DB: 0) | 200 OK [http://localhost/]


Processing GodInterfaceController#index (for 127.0.0.1 at 2009-09-11 11:49:27) [GET]
Rendering god_interface/index
Completed in 802ms (View: 2, DB: 0) | 200 OK [http://localhost/]


Processing WatchesController#destroy (for 127.0.0.1 at 2009-09-11 11:49:30) [DELETE]
  Parameters: {"authenticity_token"=>"OXHJwB1wGOILYp+f1g4WMSkKuF+v/4nHSiCKPZ2hc9s=", "id"=>"Test", "group_id"=>"Test watches"}
Redirected to http://localhost:3000/
Completed in 2ms (DB: 0) | 302 Found [http://localhost/groups/Test%20watches/watches/Test]


Processing GodInterfaceController#index (for 127.0.0.1 at 2009-09-11 11:49:30) [GET]
Rendering god_interface/index
Completed in 808ms (View: 3, DB: 0) | 200 OK [http://localhost/]


Processing GodInterfaceController#index (for 127.0.0.1 at 2009-09-11 11:49:41) [GET]
Rendering god_interface/index
Completed in 811ms (View: 2, DB: 0) | 200 OK [http://localhost/]


Processing GodInterfaceController#index (for 127.0.0.1 at 2009-09-11 11:49:54) [GET]
Rendering god_interface/index
Completed in 805ms (View: 2, DB: 0) | 200 OK [http://localhost/]


Processing WatchesController#destroy (for 127.0.0.1 at 2009-09-11 11:49:56) [DELETE]
  Parameters: {"authenticity_token"=>"OXHJwB1wGOILYp+f1g4WMSkKuF+v/4nHSiCKPZ2hc9s=", "id"=>"Test", "group_id"=>"Test watches"}
Redirected to http://localhost:3000/
Completed in 848ms (DB: 0) | 302 Found [http://localhost/groups/Test%20watches/watches/Test]


Processing GodInterfaceController#index (for 127.0.0.1 at 2009-09-11 11:49:57) [GET]
Rendering god_interface/index
Completed in 799ms (View: 2, DB: 0) | 200 OK [http://localhost/]


Processing GodInterfaceController#index (for 127.0.0.1 at 2009-09-11 11:50:02) [GET]
Rendering god_interface/index
Completed in 806ms (View: 2, DB: 0) | 200 OK [http://localhost/]


Processing GodInterfaceController#index (for 127.0.0.1 at 2009-09-11 11:50:04) [GET]
Rendering god_interface/index
Completed in 802ms (View: 2, DB: 0) | 200 OK [http://localhost/]


Processing GodInterfaceController#index (for 127.0.0.1 at 2009-09-11 11:50:25) [GET]
Rendering god_interface/index
Completed in 807ms (View: 2, DB: 0) | 200 OK [http://localhost/]


Processing WatchesController#start (for 127.0.0.1 at 2009-09-11 11:50:46) [GET]
  Parameters: {"id"=>"Test", "group_id"=>"Test watches"}
Redirected to http://localhost:3000/
Completed in 850ms (DB: 0) | 302 Found [http://localhost/groups/Test%20watches/watches/Test/start]


Processing GodInterfaceController#index (for 127.0.0.1 at 2009-09-11 11:50:47) [GET]
Rendering god_interface/index
Completed in 804ms (View: 3, DB: 0) | 200 OK [http://localhost/]


Processing WatchesController#destroy (for 127.0.0.1 at 2009-09-11 11:50:51) [DELETE]
  Parameters: {"authenticity_token"=>"OXHJwB1wGOILYp+f1g4WMSkKuF+v/4nHSiCKPZ2hc9s=", "id"=>"Test", "group_id"=>"Test watches"}
Redirected to http://localhost:3000/
Completed in 848ms (DB: 0) | 302 Found [http://localhost/groups/Test%20watches/watches/Test]


Processing GodInterfaceController#index (for 127.0.0.1 at 2009-09-11 11:50:52) [GET]
Rendering god_interface/index
Completed in 798ms (View: 2, DB: 0) | 200 OK [http://localhost/]


Processing WatchesController#start (for 127.0.0.1 at 2009-09-11 11:50:54) [GET]
  Parameters: {"id"=>"Test", "group_id"=>"Test watches"}
Redirected to http://localhost:3000/
Completed in 849ms (DB: 0) | 302 Found [http://localhost/groups/Test%20watches/watches/Test/start]


Processing GodInterfaceController#index (for 127.0.0.1 at 2009-09-11 11:50:54) [GET]
Rendering god_interface/index
Completed in 805ms (View: 2, DB: 0) | 200 OK [http://localhost/]


Processing WatchesController#destroy (for 127.0.0.1 at 2009-09-11 11:54:23) [DELETE]
  Parameters: {"authenticity_token"=>"OXHJwB1wGOILYp+f1g4WMSkKuF+v/4nHSiCKPZ2hc9s=", "id"=>"Test", "group_id"=>"Test watches"}
Redirected to http://localhost:3000/
Completed in 906ms (DB: 0) | 302 Found [http://localhost/groups/Test%20watches/watches/Test]


Processing GodInterfaceController#index (for 127.0.0.1 at 2009-09-11 11:54:24) [GET]
Rendering god_interface/index
Completed in 799ms (View: 2, DB: 0) | 200 OK [http://localhost/]


Processing WatchesController#start (for 127.0.0.1 at 2009-09-11 11:54:27) [GET]
  Parameters: {"id"=>"Test", "group_id"=>"Test watches"}
Redirected to http://localhost:3000/
Completed in 848ms (DB: 0) | 302 Found [http://localhost/groups/Test%20watches/watches/Test/start]


Processing GodInterfaceController#index (for 127.0.0.1 at 2009-09-11 11:54:28) [GET]
Rendering god_interface/index
Completed in 799ms (View: 2, DB: 0) | 200 OK [http://localhost/]


Processing WatchesController#destroy (for 127.0.0.1 at 2009-09-11 11:55:14) [DELETE]
  Parameters: {"authenticity_token"=>"OXHJwB1wGOILYp+f1g4WMSkKuF+v/4nHSiCKPZ2hc9s=", "id"=>"Test", "group_id"=>"Test watches"}
Redirected to http://localhost:3000/
Completed in 849ms (DB: 0) | 302 Found [http://localhost/groups/Test%20watches/watches/Test]


Processing GodInterfaceController#index (for 127.0.0.1 at 2009-09-11 11:55:15) [GET]
Rendering god_interface/index
Completed in 802ms (View: 2, DB: 0) | 200 OK [http://localhost/]


Processing WatchesController#start (for 127.0.0.1 at 2009-09-11 11:55:18) [GET]
  Parameters: {"id"=>"Test", "group_id"=>"Test watches"}
Redirected to http://localhost:3000/
Completed in 848ms (DB: 0) | 302 Found [http://localhost/groups/Test%20watches/watches/Test/start]


Processing GodInterfaceController#index (for 127.0.0.1 at 2009-09-11 11:55:18) [GET]
Rendering god_interface/index
Completed in 799ms (View: 2, DB: 0) | 200 OK [http://localhost/]
